CourseStudy-master/app/build/intermediates/manifest_merge_blame_file/debug/manifest-merger-blame-debug-report.txt
1<?xml version="1.0" encoding="utf-8"?>
2<manifest xmlns:android="http://schemas.android.com/apk/res/android"
3    package="edu.niit.android.course"
4    android:versionCode="1"
5    android:versionName="1.0" >
6
7    <uses-sdk
8        android:minSdkVersion="21"
8-->src\main\AndroidManifest.xml
9        android:targetSdkVersion="28" />
9-->src\main\AndroidManifest.xml
10
11    <uses-permission android:name="android.permission.INTERNET" />
11-->src\main\AndroidManifest.xml:5:5-67
11-->src\main\AndroidManifest.xml:5:22-64
12    <uses-permission android:name="android.permission.READ_EXTERNAL_STORAGE" />
12-->src\main\AndroidManifest.xml:6:5-80
12-->src\main\AndroidManifest.xml:6:22-77
13    <uses-permission android:name="android.permission.WRITE_EXTERNAL_STORAGE" />
13-->src\main\AndroidManifest.xml:7:5-81
13-->src\main\AndroidManifest.xml:7:22-78
14
15    <application
15-->src\main\AndroidManifest.xml:9:5-35:19
16        android:name="edu.niit.android.course.MyApplication"
16-->src\main\AndroidManifest.xml:10:9-38
17        android:allowBackup="true"
17-->src\main\AndroidManifest.xml:11:9-35
18        android:appComponentFactory="androidx.core.app.CoreComponentFactory"
18-->[androidx.core:core:1.1.0] AndroidManifest.xml:24:18-86
19        android:debuggable="true"
20        android:icon="@mipmap/ic_launcher"
20-->src\main\AndroidManifest.xml:12:9-43
21        android:label="@string/app_name"
21-->src\main\AndroidManifest.xml:13:9-41
22        android:roundIcon="@mipmap/ic_launcher_round"
22-->src\main\AndroidManifest.xml:14:9-54
23        android:supportsRtl="true"
23-->src\main\AndroidManifest.xml:15:9-35
24        android:testOnly="true"
25        android:theme="@style/NoActionBar" >
25-->src\main\AndroidManifest.xml:16:9-43
26        <activity android:name="edu.niit.android.course.activity.CourseVideoActivity" />
26-->src\main\AndroidManifest.xml:17:9-75
26-->src\main\AndroidManifest.xml:17:19-63
27        <activity android:name="edu.niit.android.course.activity.ExerciseDetailActivity" />
27-->src\main\AndroidManifest.xml:18:9-69
27-->src\main\AndroidManifest.xml:18:19-66
28        <activity android:name="edu.niit.android.course.activity.ChangeUserInfoActivity" />
28-->src\main\AndroidManifest.xml:19:9-69
28-->src\main\AndroidManifest.xml:19:19-66
29        <activity android:name="edu.niit.android.course.activity.UserInfoActivity" />
29-->src\main\AndroidManifest.xml:20:9-63
29-->src\main\AndroidManifest.xml:20:19-60
30        <activity android:name="edu.niit.android.course.activity.ModifyPwdActivity" />
30-->src\main\AndroidManifest.xml:21:9-64
30-->src\main\AndroidManifest.xml:21:19-61
31        <activity android:name="edu.niit.android.course.activity.FindPwdActivity" />
31-->src\main\AndroidManifest.xml:22:9-62
31-->src\main\AndroidManifest.xml:22:19-59
32        <activity android:name="edu.niit.android.course.activity.SettingActivity" />
32-->src\main\AndroidManifest.xml:23:9-62
32-->src\main\AndroidManifest.xml:23:19-59
33        <activity android:name="edu.niit.android.course.activity.RegisterActivity" />
33-->src\main\AndroidManifest.xml:24:9-63
33-->src\main\AndroidManifest.xml:24:19-60
34        <activity android:name="edu.niit.android.course.activity.LoginActivity" />
34-->src\main\AndroidManifest.xml:25:9-60
34-->src\main\AndroidManifest.xml:25:19-57
35        <activity android:name="edu.niit.android.course.activity.SplashActivity" >
35-->src\main\AndroidManifest.xml:26:9-32:20
35-->src\main\AndroidManifest.xml:26:19-58
36            <intent-filter>
36-->src\main\AndroidManifest.xml:27:13-31:29
37                <action android:name="android.intent.action.MAIN" />
37-->src\main\AndroidManifest.xml:28:17-69
37-->src\main\AndroidManifest.xml:28:25-66
38
39                <category android:name="android.intent.category.LAUNCHER" />
39-->src\main\AndroidManifest.xml:30:17-77
39-->src\main\AndroidManifest.xml:30:27-74
40            </intent-filter>
41        </activity>
42        <activity android:name="edu.niit.android.course.activity.MainActivity" />
42-->src\main\AndroidManifest.xml:33:9-59
42-->src\main\AndroidManifest.xml:33:19-56
43        <activity android:name="edu.niit.android.course.activity.MainViewPagerActivity" />
43-->src\main\AndroidManifest.xml:34:9-68
43-->src\main\AndroidManifest.xml:34:19-65
44    </application>
45
46</manifest>